\begin{essay}[points=2, response format=html]{Vierecke definieren (Trapez)}
  Definiere den Begriff: Trapez
  \item ein Paar paralleler Seiten
  \end{essay}
\begin{essay}[points=2, response format=html]{Vierecke definieren (Parallelogramm)}
  Definiere den Begriff: Parallelogramm
  \item gegen\"uberliegende Seiten sind parallel
  \end{essay}
\begin{essay}[points=2, response format=html]{Vierecke definieren (Rechteck)}
  Definiere den Begriff: Rechteck
  \item hat drei rechte Winkel
  \end{essay}
\begin{essay}[points=2, response format=html]{Vierecke definieren (Raute)}
  Definiere den Begriff: Raute
  \item alle Seiten gleich lang
  \end{essay}
\begin{essay}[points=2, response format=html]{Vierecke definieren (Deltoid)}
  Definiere den Begriff: Deltoid
  \item eine Diagonale ist Symmetrieachse
  \end{essay}
\begin{essay}[points=2, response format=html]{Vierecke definieren (Quadrat)}
  Definiere den Begriff: Quadrat
  \item Rechteck, das eine Raute ist
  \end{essay}
